<?xml version="1.0" encoding="UTF-8"?>
<testsuite xmlns:xsi="http://www.w3.org/2001/XMLSchema-instance" xsi:noNamespaceSchemaLocation="https://maven.apache.org/surefire/maven-surefire-plugin/xsd/surefire-test-report-3.0.xsd" version="3.0" name="me.opc.mp.quickstart.MainTest" time="4.162" tests="5" errors="0" skipped="0" failures="0">
  <properties>
    <property name="java.specification.version" value="20"/>
    <property name="jersey.config.allowSystemPropertiesProvider" value="true"/>
    <property name="sun.jnu.encoding" value="UTF-8"/>
    <property name="java.class.path" value="/home/opc/cn_study/helidon_test/sobata-mp/target/test-classes:/home/opc/cn_study/helidon_test/sobata-mp/target/classes:/home/opc/.m2/repository/io/helidon/microprofile/bundles/helidon-microprofile-core/3.2.2/helidon-microprofile-core-3.2.2.jar:/home/opc/.m2/repository/io/helidon/microprofile/server/helidon-microprofile-server/3.2.2/helidon-microprofile-server-3.2.2.jar:/home/opc/.m2/repository/io/helidon/microprofile/cdi/helidon-microprofile-cdi/3.2.2/helidon-microprofile-cdi-3.2.2.jar:/home/opc/.m2/repository/io/helidon/microprofile/weld/weld-se-core/3.2.2/weld-se-core-3.2.2.jar:/home/opc/.m2/repository/io/helidon/microprofile/weld/weld-core-impl/3.2.2/weld-core-impl-3.2.2.jar:/home/opc/.m2/repository/org/jboss/weld/environment/weld-environment-common/4.0.3.Final/weld-environment-common-4.0.3.Final.jar:/home/opc/.m2/repository/org/jboss/weld/weld-api/4.0.SP1/weld-api-4.0.SP1.jar:/home/opc/.m2/repository/org/jboss/weld/weld-spi/4.0.SP1/weld-spi-4.0.SP1.jar:/home/opc/.m2/repository/org/jboss/logging/jboss-logging/3.4.2.Final/jboss-logging-3.4.2.Final.jar:/home/opc/.m2/repository/org/jboss/classfilewriter/jboss-classfilewriter/1.2.5.Final/jboss-classfilewriter-1.2.5.Final.jar:/home/opc/.m2/repository/io/helidon/webserver/helidon-webserver/3.2.2/helidon-webserver-3.2.2.jar:/home/opc/.m2/repository/io/helidon/common/helidon-common-reactive/3.2.2/helidon-common-reactive-3.2.2.jar:/home/opc/.m2/repository/io/helidon/common/helidon-common-mapper/3.2.2/helidon-common-mapper-3.2.2.jar:/home/opc/.m2/repository/io/helidon/media/helidon-media-common/3.2.2/helidon-media-common-3.2.2.jar:/home/opc/.m2/repository/io/helidon/common/helidon-common-key-util/3.2.2/helidon-common-key-util-3.2.2.jar:/home/opc/.m2/repository/io/helidon/logging/helidon-logging-common/3.2.2/helidon-logging-common-3.2.2.jar:/home/opc/.m2/repository/io/helidon/tracing/helidon-tracing/3.2.2/helidon-tracing-3.2.2.jar:/home/opc/.m2/repository/io/helidon/tracing/helidon-tracing-config/3.2.2/helidon-tracing-config-3.2.2.jar:/home/opc/.m2/repository/io/netty/netty-codec-http/4.1.94.Final/netty-codec-http-4.1.94.Final.jar:/home/opc/.m2/repository/io/netty/netty-common/4.1.94.Final/netty-common-4.1.94.Final.jar:/home/opc/.m2/repository/io/netty/netty-transport/4.1.94.Final/netty-transport-4.1.94.Final.jar:/home/opc/.m2/repository/io/netty/netty-codec/4.1.94.Final/netty-codec-4.1.94.Final.jar:/home/opc/.m2/repository/io/netty/netty-handler/4.1.94.Final/netty-handler-4.1.94.Final.jar:/home/opc/.m2/repository/io/netty/netty-resolver/4.1.94.Final/netty-resolver-4.1.94.Final.jar:/home/opc/.m2/repository/io/netty/netty-transport-native-unix-common/4.1.94.Final/netty-transport-native-unix-common-4.1.94.Final.jar:/home/opc/.m2/repository/io/helidon/webserver/helidon-webserver-static-content/3.2.2/helidon-webserver-static-content-3.2.2.jar:/home/opc/.m2/repository/io/helidon/common/helidon-common-media-type/3.2.2/helidon-common-media-type-3.2.2.jar:/home/opc/.m2/repository/io/helidon/webserver/helidon-webserver-jersey/3.2.2/helidon-webserver-jersey-3.2.2.jar:/home/opc/.m2/repository/io/helidon/jersey/helidon-jersey-server/3.2.2/helidon-jersey-server-3.2.2.jar:/home/opc/.m2/repository/org/glassfish/jersey/core/jersey-server/3.0.9/jersey-server-3.0.9.jar:/home/opc/.m2/repository/jakarta/validation/jakarta.validation-api/3.0.0/jakarta.validation-api-3.0.0.jar:/home/opc/.m2/repository/io/netty/netty-buffer/4.1.94.Final/netty-buffer-4.1.94.Final.jar:/home/opc/.m2/repository/jakarta/interceptor/jakarta.interceptor-api/2.0.0/jakarta.interceptor-api-2.0.0.jar:/home/opc/.m2/repository/jakarta/enterprise/jakarta.enterprise.cdi-api/3.0.0/jakarta.enterprise.cdi-api-3.0.0.jar:/home/opc/.m2/repository/jakarta/el/jakarta.el-api/4.0.0/jakarta.el-api-4.0.0.jar:/home/opc/.m2/repository/io/helidon/media/helidon-media-jsonp/3.2.2/helidon-media-jsonp-3.2.2.jar:/home/opc/.m2/repository/io/helidon/config/helidon-config-yaml/3.2.2/helidon-config-yaml-3.2.2.jar:/home/opc/.m2/repository/org/glassfish/jersey/ext/cdi/jersey-weld2-se/3.0.9/jersey-weld2-se-3.0.9.jar:/home/opc/.m2/repository/org/glassfish/jersey/ext/cdi/jersey-cdi1x/3.0.9/jersey-cdi1x-3.0.9.jar:/home/opc/.m2/repository/io/helidon/jersey/helidon-jersey-media-jsonp/3.2.2/helidon-jersey-media-jsonp-3.2.2.jar:/home/opc/.m2/repository/org/glassfish/jersey/media/jersey-media-json-processing/3.0.9/jersey-media-json-processing-3.0.9.jar:/home/opc/.m2/repository/org/eclipse/parsson/parsson-media/1.0.2/parsson-media-1.0.2.jar:/home/opc/.m2/repository/io/helidon/microprofile/config/helidon-microprofile-config/3.2.2/helidon-microprofile-config-3.2.2.jar:/home/opc/.m2/repository/io/helidon/config/helidon-config-mp/3.2.2/helidon-config-mp-3.2.2.jar:/home/opc/.m2/repository/io/helidon/config/helidon-config-encryption/3.2.2/helidon-config-encryption-3.2.2.jar:/home/opc/.m2/repository/io/helidon/common/helidon-common-crypto/3.2.2/helidon-common-crypto-3.2.2.jar:/home/opc/.m2/repository/io/helidon/config/helidon-config-object-mapping/3.2.2/helidon-config-object-mapping-3.2.2.jar:/home/opc/.m2/repository/io/helidon/microprofile/openapi/helidon-microprofile-openapi/3.2.2/helidon-microprofile-openapi-3.2.2.jar:/home/opc/.m2/repository/org/eclipse/microprofile/config/microprofile-config-api/3.0.1/microprofile-config-api-3.0.1.jar:/home/opc/.m2/repository/io/helidon/openapi/helidon-openapi/3.2.2/helidon-openapi-3.2.2.jar:/home/opc/.m2/repository/io/smallrye/smallrye-open-api-core/2.1.16/smallrye-open-api-core-2.1.16.jar:/home/opc/.m2/repository/io/smallrye/smallrye-open-api-jaxrs/2.1.16/smallrye-open-api-jaxrs-2.1.16.jar:/home/opc/.m2/repository/org/yaml/snakeyaml/2.0/snakeyaml-2.0.jar:/home/opc/.m2/repository/io/helidon/config/helidon-config/3.2.2/helidon-config-3.2.2.jar:/home/opc/.m2/repository/org/eclipse/microprofile/openapi/microprofile-openapi-api/3.0/microprofile-openapi-api-3.0.jar:/home/opc/.m2/repository/io/helidon/webserver/helidon-webserver-cors/3.2.2/helidon-webserver-cors-3.2.2.jar:/home/opc/.m2/repository/org/eclipse/microprofile/metrics/microprofile-metrics-api/4.0/microprofile-metrics-api-4.0.jar:/home/opc/.m2/repository/io/helidon/microprofile/metrics/helidon-microprofile-metrics/3.2.2/helidon-microprofile-metrics-3.2.2.jar:/home/opc/.m2/repository/io/helidon/common/helidon-common/3.2.2/helidon-common-3.2.2.jar:/home/opc/.m2/repository/io/helidon/service-common/helidon-service-common-rest-cdi/3.2.2/helidon-service-common-rest-cdi-3.2.2.jar:/home/opc/.m2/repository/io/helidon/service-common/helidon-service-common-rest/3.2.2/helidon-service-common-rest-3.2.2.jar:/home/opc/.m2/repository/io/helidon/metrics/helidon-metrics-api/3.2.2/helidon-metrics-api-3.2.2.jar:/home/opc/.m2/repository/io/helidon/common/helidon-common-http/3.2.2/helidon-common-http-3.2.2.jar:/home/opc/.m2/repository/io/helidon/metrics/helidon-metrics-service-api/3.2.2/helidon-metrics-service-api-3.2.2.jar:/home/opc/.m2/repository/io/helidon/common/helidon-common-service-loader/3.2.2/helidon-common-service-loader-3.2.2.jar:/home/opc/.m2/repository/jakarta/annotation/jakarta.annotation-api/2.0.0/jakarta.annotation-api-2.0.0.jar:/home/opc/.m2/repository/io/helidon/metrics/helidon-metrics/3.2.2/helidon-metrics-3.2.2.jar:/home/opc/.m2/repository/io/helidon/common/helidon-common-configurable/3.2.2/helidon-common-configurable-3.2.2.jar:/home/opc/.m2/repository/io/helidon/microprofile/health/helidon-microprofile-health/3.2.2/helidon-microprofile-health-3.2.2.jar:/home/opc/.m2/repository/io/helidon/health/helidon-health/3.2.2/helidon-health-3.2.2.jar:/home/opc/.m2/repository/io/helidon/fault-tolerance/helidon-fault-tolerance/3.2.2/helidon-fault-tolerance-3.2.2.jar:/home/opc/.m2/repository/org/eclipse/microprofile/health/microprofile-health-api/4.0/microprofile-health-api-4.0.jar:/home/opc/.m2/repository/io/helidon/health/helidon-health-common/3.2.2/helidon-health-common-3.2.2.jar:/home/opc/.m2/repository/jakarta/json/bind/jakarta.json.bind-api/2.0.0/jakarta.json.bind-api-2.0.0.jar:/home/opc/.m2/repository/org/glassfish/jersey/media/jersey-media-json-binding/3.0.9/jersey-media-json-binding-3.0.9.jar:/home/opc/.m2/repository/org/glassfish/jersey/core/jersey-common/3.0.9/jersey-common-3.0.9.jar:/home/opc/.m2/repository/jakarta/ws/rs/jakarta.ws.rs-api/3.0.0/jakarta.ws.rs-api-3.0.0.jar:/home/opc/.m2/repository/jakarta/inject/jakarta.inject-api/2.0.0/jakarta.inject-api-2.0.0.jar:/home/opc/.m2/repository/org/glassfish/hk2/osgi-resource-locator/1.0.3/osgi-resource-locator-1.0.3.jar:/home/opc/.m2/repository/jakarta/json/jakarta.json-api/2.0.1/jakarta.json-api-2.0.1.jar:/home/opc/.m2/repository/org/eclipse/parsson/parsson/1.0.2/parsson-1.0.2.jar:/home/opc/.m2/repository/org/eclipse/yasson/2.0.4/yasson-2.0.4.jar:/home/opc/.m2/repository/org/glassfish/jakarta.json/2.0.0/jakarta.json-2.0.0-module.jar:/home/opc/.m2/repository/org/jboss/jandex/2.4.3.Final/jandex-2.4.3.Final.jar:/home/opc/.m2/repository/jakarta/activation/jakarta.activation-api/2.0.1/jakarta.activation-api-2.0.1.jar:/home/opc/.m2/repository/org/junit/jupiter/junit-jupiter-api/5.7.0/junit-jupiter-api-5.7.0.jar:/home/opc/.m2/repository/org/apiguardian/apiguardian-api/1.1.0/apiguardian-api-1.1.0.jar:/home/opc/.m2/repository/org/opentest4j/opentest4j/1.2.0/opentest4j-1.2.0.jar:/home/opc/.m2/repository/org/junit/platform/junit-platform-commons/1.7.0/junit-platform-commons-1.7.0.jar:/home/opc/.m2/repository/io/helidon/microprofile/tests/helidon-microprofile-tests-junit5/3.2.2/helidon-microprofile-tests-junit5-3.2.2.jar:/home/opc/.m2/repository/io/helidon/jersey/helidon-jersey-client/3.2.2/helidon-jersey-client-3.2.2.jar:/home/opc/.m2/repository/org/glassfish/jersey/core/jersey-client/3.0.9/jersey-client-3.0.9.jar:/home/opc/.m2/repository/org/glassfish/jersey/inject/jersey-hk2/3.0.9/jersey-hk2-3.0.9.jar:/home/opc/.m2/repository/org/glassfish/hk2/hk2-locator/3.0.3/hk2-locator-3.0.3.jar:/home/opc/.m2/repository/org/glassfish/hk2/external/aopalliance-repackaged/3.0.3/aopalliance-repackaged-3.0.3.jar:/home/opc/.m2/repository/org/glassfish/hk2/hk2-api/3.0.3/hk2-api-3.0.3.jar:/home/opc/.m2/repository/org/glassfish/hk2/hk2-utils/3.0.3/hk2-utils-3.0.3.jar:/home/opc/.m2/repository/org/javassist/javassist/3.29.0-GA/javassist-3.29.0-GA.jar:/home/opc/.m2/repository/jakarta/xml/bind/jakarta.xml.bind-api/3.0.1/jakarta.xml.bind-api-3.0.1.jar:/home/opc/.m2/repository/com/sun/activation/jakarta.activation/2.0.1/jakarta.activation-2.0.1.jar:/home/opc/.m2/repository/io/helidon/common/helidon-common-context/3.2.2/helidon-common-context-3.2.2.jar:/home/opc/.m2/repository/io/helidon/config/helidon-config-yaml-mp/3.2.2/helidon-config-yaml-mp-3.2.2.jar:/home/opc/.m2/repository/org/hamcrest/hamcrest-all/1.3/hamcrest-all-1.3.jar:"/>
    <property name="java.vm.vendor" value="Oracle Corporation"/>
    <property name="sun.arch.data.model" value="64"/>
    <property name="java.vendor.url" value="https://java.oracle.com/"/>
    <property name="user.timezone" value="GMT"/>
    <property name="os.name" value="Linux"/>
    <property name="java.vm.specification.version" value="20"/>
    <property name="sun.java.launcher" value="SUN_STANDARD"/>
    <property name="user.country" value="US"/>
    <property name="sun.boot.library.path" value="/opt/jdk-20.0.2/lib"/>
    <property name="sun.java.command" value="/home/opc/cn_study/helidon_test/sobata-mp/target/surefire/surefirebooter817162246860810467.jar /home/opc/cn_study/helidon_test/sobata-mp/target/surefire 2023-09-07T09-06-18_686-jvmRun1 surefire7583814209232626030tmp surefire_016091950290627088160tmp"/>
    <property name="jdk.debug" value="release"/>
    <property name="surefire.test.class.path" value="/home/opc/cn_study/helidon_test/sobata-mp/target/test-classes:/home/opc/cn_study/helidon_test/sobata-mp/target/classes:/home/opc/.m2/repository/io/helidon/microprofile/bundles/helidon-microprofile-core/3.2.2/helidon-microprofile-core-3.2.2.jar:/home/opc/.m2/repository/io/helidon/microprofile/server/helidon-microprofile-server/3.2.2/helidon-microprofile-server-3.2.2.jar:/home/opc/.m2/repository/io/helidon/microprofile/cdi/helidon-microprofile-cdi/3.2.2/helidon-microprofile-cdi-3.2.2.jar:/home/opc/.m2/repository/io/helidon/microprofile/weld/weld-se-core/3.2.2/weld-se-core-3.2.2.jar:/home/opc/.m2/repository/io/helidon/microprofile/weld/weld-core-impl/3.2.2/weld-core-impl-3.2.2.jar:/home/opc/.m2/repository/org/jboss/weld/environment/weld-environment-common/4.0.3.Final/weld-environment-common-4.0.3.Final.jar:/home/opc/.m2/repository/org/jboss/weld/weld-api/4.0.SP1/weld-api-4.0.SP1.jar:/home/opc/.m2/repository/org/jboss/weld/weld-spi/4.0.SP1/weld-spi-4.0.SP1.jar:/home/opc/.m2/repository/org/jboss/logging/jboss-logging/3.4.2.Final/jboss-logging-3.4.2.Final.jar:/home/opc/.m2/repository/org/jboss/classfilewriter/jboss-classfilewriter/1.2.5.Final/jboss-classfilewriter-1.2.5.Final.jar:/home/opc/.m2/repository/io/helidon/webserver/helidon-webserver/3.2.2/helidon-webserver-3.2.2.jar:/home/opc/.m2/repository/io/helidon/common/helidon-common-reactive/3.2.2/helidon-common-reactive-3.2.2.jar:/home/opc/.m2/repository/io/helidon/common/helidon-common-mapper/3.2.2/helidon-common-mapper-3.2.2.jar:/home/opc/.m2/repository/io/helidon/media/helidon-media-common/3.2.2/helidon-media-common-3.2.2.jar:/home/opc/.m2/repository/io/helidon/common/helidon-common-key-util/3.2.2/helidon-common-key-util-3.2.2.jar:/home/opc/.m2/repository/io/helidon/logging/helidon-logging-common/3.2.2/helidon-logging-common-3.2.2.jar:/home/opc/.m2/repository/io/helidon/tracing/helidon-tracing/3.2.2/helidon-tracing-3.2.2.jar:/home/opc/.m2/repository/io/helidon/tracing/helidon-tracing-config/3.2.2/helidon-tracing-config-3.2.2.jar:/home/opc/.m2/repository/io/netty/netty-codec-http/4.1.94.Final/netty-codec-http-4.1.94.Final.jar:/home/opc/.m2/repository/io/netty/netty-common/4.1.94.Final/netty-common-4.1.94.Final.jar:/home/opc/.m2/repository/io/netty/netty-transport/4.1.94.Final/netty-transport-4.1.94.Final.jar:/home/opc/.m2/repository/io/netty/netty-codec/4.1.94.Final/netty-codec-4.1.94.Final.jar:/home/opc/.m2/repository/io/netty/netty-handler/4.1.94.Final/netty-handler-4.1.94.Final.jar:/home/opc/.m2/repository/io/netty/netty-resolver/4.1.94.Final/netty-resolver-4.1.94.Final.jar:/home/opc/.m2/repository/io/netty/netty-transport-native-unix-common/4.1.94.Final/netty-transport-native-unix-common-4.1.94.Final.jar:/home/opc/.m2/repository/io/helidon/webserver/helidon-webserver-static-content/3.2.2/helidon-webserver-static-content-3.2.2.jar:/home/opc/.m2/repository/io/helidon/common/helidon-common-media-type/3.2.2/helidon-common-media-type-3.2.2.jar:/home/opc/.m2/repository/io/helidon/webserver/helidon-webserver-jersey/3.2.2/helidon-webserver-jersey-3.2.2.jar:/home/opc/.m2/repository/io/helidon/jersey/helidon-jersey-server/3.2.2/helidon-jersey-server-3.2.2.jar:/home/opc/.m2/repository/org/glassfish/jersey/core/jersey-server/3.0.9/jersey-server-3.0.9.jar:/home/opc/.m2/repository/jakarta/validation/jakarta.validation-api/3.0.0/jakarta.validation-api-3.0.0.jar:/home/opc/.m2/repository/io/netty/netty-buffer/4.1.94.Final/netty-buffer-4.1.94.Final.jar:/home/opc/.m2/repository/jakarta/interceptor/jakarta.interceptor-api/2.0.0/jakarta.interceptor-api-2.0.0.jar:/home/opc/.m2/repository/jakarta/enterprise/jakarta.enterprise.cdi-api/3.0.0/jakarta.enterprise.cdi-api-3.0.0.jar:/home/opc/.m2/repository/jakarta/el/jakarta.el-api/4.0.0/jakarta.el-api-4.0.0.jar:/home/opc/.m2/repository/io/helidon/media/helidon-media-jsonp/3.2.2/helidon-media-jsonp-3.2.2.jar:/home/opc/.m2/repository/io/helidon/config/helidon-config-yaml/3.2.2/helidon-config-yaml-3.2.2.jar:/home/opc/.m2/repository/org/glassfish/jersey/ext/cdi/jersey-weld2-se/3.0.9/jersey-weld2-se-3.0.9.jar:/home/opc/.m2/repository/org/glassfish/jersey/ext/cdi/jersey-cdi1x/3.0.9/jersey-cdi1x-3.0.9.jar:/home/opc/.m2/repository/io/helidon/jersey/helidon-jersey-media-jsonp/3.2.2/helidon-jersey-media-jsonp-3.2.2.jar:/home/opc/.m2/repository/org/glassfish/jersey/media/jersey-media-json-processing/3.0.9/jersey-media-json-processing-3.0.9.jar:/home/opc/.m2/repository/org/eclipse/parsson/parsson-media/1.0.2/parsson-media-1.0.2.jar:/home/opc/.m2/repository/io/helidon/microprofile/config/helidon-microprofile-config/3.2.2/helidon-microprofile-config-3.2.2.jar:/home/opc/.m2/repository/io/helidon/config/helidon-config-mp/3.2.2/helidon-config-mp-3.2.2.jar:/home/opc/.m2/repository/io/helidon/config/helidon-config-encryption/3.2.2/helidon-config-encryption-3.2.2.jar:/home/opc/.m2/repository/io/helidon/common/helidon-common-crypto/3.2.2/helidon-common-crypto-3.2.2.jar:/home/opc/.m2/repository/io/helidon/config/helidon-config-object-mapping/3.2.2/helidon-config-object-mapping-3.2.2.jar:/home/opc/.m2/repository/io/helidon/microprofile/openapi/helidon-microprofile-openapi/3.2.2/helidon-microprofile-openapi-3.2.2.jar:/home/opc/.m2/repository/org/eclipse/microprofile/config/microprofile-config-api/3.0.1/microprofile-config-api-3.0.1.jar:/home/opc/.m2/repository/io/helidon/openapi/helidon-openapi/3.2.2/helidon-openapi-3.2.2.jar:/home/opc/.m2/repository/io/smallrye/smallrye-open-api-core/2.1.16/smallrye-open-api-core-2.1.16.jar:/home/opc/.m2/repository/io/smallrye/smallrye-open-api-jaxrs/2.1.16/smallrye-open-api-jaxrs-2.1.16.jar:/home/opc/.m2/repository/org/yaml/snakeyaml/2.0/snakeyaml-2.0.jar:/home/opc/.m2/repository/io/helidon/config/helidon-config/3.2.2/helidon-config-3.2.2.jar:/home/opc/.m2/repository/org/eclipse/microprofile/openapi/microprofile-openapi-api/3.0/microprofile-openapi-api-3.0.jar:/home/opc/.m2/repository/io/helidon/webserver/helidon-webserver-cors/3.2.2/helidon-webserver-cors-3.2.2.jar:/home/opc/.m2/repository/org/eclipse/microprofile/metrics/microprofile-metrics-api/4.0/microprofile-metrics-api-4.0.jar:/home/opc/.m2/repository/io/helidon/microprofile/metrics/helidon-microprofile-metrics/3.2.2/helidon-microprofile-metrics-3.2.2.jar:/home/opc/.m2/repository/io/helidon/common/helidon-common/3.2.2/helidon-common-3.2.2.jar:/home/opc/.m2/repository/io/helidon/service-common/helidon-service-common-rest-cdi/3.2.2/helidon-service-common-rest-cdi-3.2.2.jar:/home/opc/.m2/repository/io/helidon/service-common/helidon-service-common-rest/3.2.2/helidon-service-common-rest-3.2.2.jar:/home/opc/.m2/repository/io/helidon/metrics/helidon-metrics-api/3.2.2/helidon-metrics-api-3.2.2.jar:/home/opc/.m2/repository/io/helidon/common/helidon-common-http/3.2.2/helidon-common-http-3.2.2.jar:/home/opc/.m2/repository/io/helidon/metrics/helidon-metrics-service-api/3.2.2/helidon-metrics-service-api-3.2.2.jar:/home/opc/.m2/repository/io/helidon/common/helidon-common-service-loader/3.2.2/helidon-common-service-loader-3.2.2.jar:/home/opc/.m2/repository/jakarta/annotation/jakarta.annotation-api/2.0.0/jakarta.annotation-api-2.0.0.jar:/home/opc/.m2/repository/io/helidon/metrics/helidon-metrics/3.2.2/helidon-metrics-3.2.2.jar:/home/opc/.m2/repository/io/helidon/common/helidon-common-configurable/3.2.2/helidon-common-configurable-3.2.2.jar:/home/opc/.m2/repository/io/helidon/microprofile/health/helidon-microprofile-health/3.2.2/helidon-microprofile-health-3.2.2.jar:/home/opc/.m2/repository/io/helidon/health/helidon-health/3.2.2/helidon-health-3.2.2.jar:/home/opc/.m2/repository/io/helidon/fault-tolerance/helidon-fault-tolerance/3.2.2/helidon-fault-tolerance-3.2.2.jar:/home/opc/.m2/repository/org/eclipse/microprofile/health/microprofile-health-api/4.0/microprofile-health-api-4.0.jar:/home/opc/.m2/repository/io/helidon/health/helidon-health-common/3.2.2/helidon-health-common-3.2.2.jar:/home/opc/.m2/repository/jakarta/json/bind/jakarta.json.bind-api/2.0.0/jakarta.json.bind-api-2.0.0.jar:/home/opc/.m2/repository/org/glassfish/jersey/media/jersey-media-json-binding/3.0.9/jersey-media-json-binding-3.0.9.jar:/home/opc/.m2/repository/org/glassfish/jersey/core/jersey-common/3.0.9/jersey-common-3.0.9.jar:/home/opc/.m2/repository/jakarta/ws/rs/jakarta.ws.rs-api/3.0.0/jakarta.ws.rs-api-3.0.0.jar:/home/opc/.m2/repository/jakarta/inject/jakarta.inject-api/2.0.0/jakarta.inject-api-2.0.0.jar:/home/opc/.m2/repository/org/glassfish/hk2/osgi-resource-locator/1.0.3/osgi-resource-locator-1.0.3.jar:/home/opc/.m2/repository/jakarta/json/jakarta.json-api/2.0.1/jakarta.json-api-2.0.1.jar:/home/opc/.m2/repository/org/eclipse/parsson/parsson/1.0.2/parsson-1.0.2.jar:/home/opc/.m2/repository/org/eclipse/yasson/2.0.4/yasson-2.0.4.jar:/home/opc/.m2/repository/org/glassfish/jakarta.json/2.0.0/jakarta.json-2.0.0-module.jar:/home/opc/.m2/repository/org/jboss/jandex/2.4.3.Final/jandex-2.4.3.Final.jar:/home/opc/.m2/repository/jakarta/activation/jakarta.activation-api/2.0.1/jakarta.activation-api-2.0.1.jar:/home/opc/.m2/repository/org/junit/jupiter/junit-jupiter-api/5.7.0/junit-jupiter-api-5.7.0.jar:/home/opc/.m2/repository/org/apiguardian/apiguardian-api/1.1.0/apiguardian-api-1.1.0.jar:/home/opc/.m2/repository/org/opentest4j/opentest4j/1.2.0/opentest4j-1.2.0.jar:/home/opc/.m2/repository/org/junit/platform/junit-platform-commons/1.7.0/junit-platform-commons-1.7.0.jar:/home/opc/.m2/repository/io/helidon/microprofile/tests/helidon-microprofile-tests-junit5/3.2.2/helidon-microprofile-tests-junit5-3.2.2.jar:/home/opc/.m2/repository/io/helidon/jersey/helidon-jersey-client/3.2.2/helidon-jersey-client-3.2.2.jar:/home/opc/.m2/repository/org/glassfish/jersey/core/jersey-client/3.0.9/jersey-client-3.0.9.jar:/home/opc/.m2/repository/org/glassfish/jersey/inject/jersey-hk2/3.0.9/jersey-hk2-3.0.9.jar:/home/opc/.m2/repository/org/glassfish/hk2/hk2-locator/3.0.3/hk2-locator-3.0.3.jar:/home/opc/.m2/repository/org/glassfish/hk2/external/aopalliance-repackaged/3.0.3/aopalliance-repackaged-3.0.3.jar:/home/opc/.m2/repository/org/glassfish/hk2/hk2-api/3.0.3/hk2-api-3.0.3.jar:/home/opc/.m2/repository/org/glassfish/hk2/hk2-utils/3.0.3/hk2-utils-3.0.3.jar:/home/opc/.m2/repository/org/javassist/javassist/3.29.0-GA/javassist-3.29.0-GA.jar:/home/opc/.m2/repository/jakarta/xml/bind/jakarta.xml.bind-api/3.0.1/jakarta.xml.bind-api-3.0.1.jar:/home/opc/.m2/repository/com/sun/activation/jakarta.activation/2.0.1/jakarta.activation-2.0.1.jar:/home/opc/.m2/repository/io/helidon/common/helidon-common-context/3.2.2/helidon-common-context-3.2.2.jar:/home/opc/.m2/repository/io/helidon/config/helidon-config-yaml-mp/3.2.2/helidon-config-yaml-mp-3.2.2.jar:/home/opc/.m2/repository/org/hamcrest/hamcrest-all/1.3/hamcrest-all-1.3.jar:"/>
    <property name="sun.cpu.endian" value="little"/>
    <property name="user.home" value="/home/opc"/>
    <property name="user.language" value="en"/>
    <property name="java.specification.vendor" value="Oracle Corporation"/>
    <property name="io.netty.allocator.maxOrder" value="6"/>
    <property name="java.version.date" value="2023-07-18"/>
    <property name="java.home" value="/opt/jdk-20.0.2"/>
    <property name="file.separator" value="/"/>
    <property name="basedir" value="/home/opc/cn_study/helidon_test/sobata-mp"/>
    <property name="java.vm.compressedOopsMode" value="Zero based"/>
    <property name="line.separator" value="&#10;"/>
    <property name="java.vm.specification.vendor" value="Oracle Corporation"/>
    <property name="java.specification.name" value="Java Platform API Specification"/>
    <property name="surefire.real.class.path" value="/home/opc/cn_study/helidon_test/sobata-mp/target/surefire/surefirebooter817162246860810467.jar"/>
    <property name="java.util.logging.config.file" value="/home/opc/cn_study/helidon_test/sobata-mp/target/classes/logging.properties"/>
    <property name="sun.management.compiler" value="HotSpot 64-Bit Tiered Compilers"/>
    <property name="java.runtime.version" value="20.0.2+9-78"/>
    <property name="user.name" value="opc"/>
    <property name="stdout.encoding" value="UTF-8"/>
    <property name="path.separator" value=":"/>
    <property name="os.version" value="5.15.0-103.114.4.el8uek.x86_64"/>
    <property name="java.runtime.name" value="Java(TM) SE Runtime Environment"/>
    <property name="file.encoding" value="UTF-8"/>
    <property name="java.vm.name" value="Java HotSpot(TM) 64-Bit Server VM"/>
    <property name="localRepository" value="/home/opc/.m2/repository"/>
    <property name="jersey.config.client.ignoreExceptionResponse" value="true"/>
    <property name="java.vendor.url.bug" value="https://bugreport.java.com/bugreport/"/>
    <property name="java.io.tmpdir" value="/tmp"/>
    <property name="java.version" value="20.0.2"/>
    <property name="user.dir" value="/home/opc/cn_study/helidon_test/sobata-mp"/>
    <property name="os.arch" value="amd64"/>
    <property name="java.vm.specification.name" value="Java Virtual Machine Specification"/>
    <property name="native.encoding" value="UTF-8"/>
    <property name="java.library.path" value="/usr/java/packages/lib:/usr/lib64:/lib64:/lib:/usr/lib"/>
    <property name="java.vm.info" value="mixed mode, sharing"/>
    <property name="stderr.encoding" value="UTF-8"/>
    <property name="java.vendor" value="Oracle Corporation"/>
    <property name="java.vm.version" value="20.0.2+9-78"/>
    <property name="sun.io.unicode.encoding" value="UnicodeLittle"/>
    <property name="java.class.version" value="64.0"/>
  </properties>
  <testcase name="testGreetings" classname="me.opc.mp.quickstart.MainTest" time="0.46">
    <system-out><![CDATA[2023.09.07 09:06:22 INFO io.helidon.common.LogConfig Thread[#1,main,5,main]: Logging at initialization configured using /home/opc/cn_study/helidon_test/sobata-mp/target/classes/logging.properties
2023.09.07 09:06:22 INFO io.helidon.microprofile.server.ServerCdiExtension Thread[#1,main,5,main]: Registering JAX-RS Application: HelidonMP
2023.09.07 09:06:23 INFO io.helidon.webserver.NettyWebServer Thread[#32,nioEventLoopGroup-2-1,10,main]: Channel '@default' started: [id: 0x266fec96, L:/[0:0:0:0:0:0:0:0]:35207]
2023.09.07 09:06:23 INFO io.helidon.microprofile.server.ServerCdiExtension Thread[#1,main,5,main]: Server started on http://localhost:35207 (and all other host addresses) in 4140 milliseconds (since JVM startup).
2023.09.07 09:06:23 INFO io.helidon.common.HelidonFeatures Thread[#33,features-thread,5,main]: Helidon MP 3.2.2 features: [CDI, Config, Health, JAX-RS, Metrics, Open API, Server]
]]></system-out>
  </testcase>
  <testcase name="testGreet" classname="me.opc.mp.quickstart.MainTest" time="0.028"/>
  <testcase name="testMetrics" classname="me.opc.mp.quickstart.MainTest" time="0.038"/>
  <testcase name="testHealth" classname="me.opc.mp.quickstart.MainTest" time="0.049"/>
  <testcase name="testMicroprofileMetrics" classname="me.opc.mp.quickstart.MainTest" time="0.027"/>
</testsuite>